<?xml version="1.0" encoding="UTF-8"?>
<!-- Generated by org.testng.reporters.JUnitXMLReporter -->
<testsuite ignored="9" hostname="LAPTOP-U66FBCGM" failures="0" tests="1" name="Default test" time="10.129" errors="0" timestamp="2024-11-30T21:38:17 IST">
  <testcase classname="INTERVIEW_JAVA.ToReadExcelData" name="MouseKeyboardActionsDemo" time="0.463"/>
  <testcase classname="INTERVIEW_JAVA.ToReadExcelData" name="InvokeMethod" time="0.0">
    <ignored/>
  </testcase> <!-- InvokeMethod -->
  <testcase classname="INTERVIEW_JAVA.ToReadExcelData" name="getScreenShotAsBase64" time="0.0">
    <ignored/>
  </testcase> <!-- getScreenShotAsBase64 -->
  <testcase classname="INTERVIEW_JAVA.ToReadExcelData" name="toWriteDataUsingForEachLoop" time="0.0">
    <ignored/>
  </testcase> <!-- toWriteDataUsingForEachLoop -->
  <testcase classname="INTERVIEW_JAVA.ToReadExcelData" name="readExcelData1" time="0.0">
    <ignored/>
  </testcase> <!-- readExcelData1 -->
  <testcase classname="INTERVIEW_JAVA.ToReadExcelData" name="webdriverDemo" time="0.0">
    <ignored/>
  </testcase> <!-- webdriverDemo -->
  <testcase classname="INTERVIEW_JAVA.ToReadExcelData" name="getScreenShotAsFile" time="0.0">
    <ignored/>
  </testcase> <!-- getScreenShotAsFile -->
  <testcase classname="INTERVIEW_JAVA.ToReadExcelData" name="toWriteData" time="0.0">
    <ignored/>
  </testcase> <!-- toWriteData -->
  <testcase classname="INTERVIEW_JAVA.ToReadExcelData" name="enterNames" time="0.0">
    <ignored/>
  </testcase> <!-- enterNames -->
  <testcase classname="INTERVIEW_JAVA.ToReadExcelData" name="readExcelData" time="0.0">
    <ignored/>
  </testcase> <!-- readExcelData -->
</testsuite> <!-- Default test -->
