<?xml version="1.0" encoding="UTF-8"?>
<testng-results ignored="9" total="10" passed="1" failed="0" skipped="0">
  <reporter-output>
  </reporter-output>
  <suite started-at="2024-11-30T21:38:07 IST" name="Default suite" finished-at="2024-11-30T21:38:17 IST" duration-ms="10129">
    <groups>
    </groups>
    <test started-at="2024-11-30T21:38:07 IST" name="Default test" finished-at="2024-11-30T21:38:17 IST" duration-ms="10129">
      <class name="INTERVIEW_JAVA.ToReadExcelData">
        <test-method is-config="true" signature="beforeTest()[pri:0, instance:INTERVIEW_JAVA.ToReadExcelData@5b94b04d]" started-at="2024-11-30T21:38:07 IST" name="beforeTest" finished-at="2024-11-30T21:38:17 IST" duration-ms="9625" status="PASS">
          <reporter-output>
          </reporter-output>
        </test-method> <!-- beforeTest -->
        <test-method signature="MouseKeyboardActionsDemo()[pri:0, instance:INTERVIEW_JAVA.ToReadExcelData@5b94b04d]" started-at="2024-11-30T21:38:17 IST" name="MouseKeyboardActionsDemo" finished-at="2024-11-30T21:38:17 IST" duration-ms="463" status="PASS">
          <reporter-output>
          </reporter-output>
        </test-method> <!-- MouseKeyboardActionsDemo -->
      </class> <!-- INTERVIEW_JAVA.ToReadExcelData -->
    </test> <!-- Default test -->
  </suite> <!-- Default suite -->
</testng-results>
